info: Server started at http://localhost:3000/api/v1/ {"timestamp":"2024-02-08T18:54:10.257Z"}
info: Connected to the database. {"timestamp":"2024-02-08T18:54:18.196Z"}
info: Server started at http://localhost:3000/api/v1/ {"timestamp":"2024-02-08T19:07:34.642Z"}
info: Connected to the database. {"timestamp":"2024-02-08T19:07:40.739Z"}
info: Server started at http://localhost:3000/api/v1/ {"timestamp":"2024-02-08T19:07:42.732Z"}
info: Connected to the database. {"timestamp":"2024-02-08T19:07:45.282Z"}
error: 
    status - 500 
    message - Error: Login sessions require session support. Did you forget to use `express-session` middleware?
    at SessionStrategy.authenticate (C:\Users\Administrator\Documents\my works\software development works\assessmentproject\node_modules\passport\lib\strategies\session.js:97:41)
    at attempt (C:\Users\Administrator\Documents\my works\software development works\assessmentproject\node_modules\passport\lib\middleware\authenticate.js:378:16)
    at authenticate (C:\Users\Administrator\Documents\my works\software development works\assessmentproject\node_modules\passport\lib\middleware\authenticate.js:379:7)
    at Layer.handle [as handle_request] (C:\Users\Administrator\Documents\my works\software development works\assessmentproject\node_modules\express\lib\router\layer.js:95:5)
    at trim_prefix (C:\Users\Administrator\Documents\my works\software development works\assessmentproject\node_modules\express\lib\router\index.js:328:13)
    at C:\Users\Administrator\Documents\my works\software development works\assessmentproject\node_modules\express\lib\router\index.js:286:9
    at Function.process_params (C:\Users\Administrator\Documents\my works\software development works\assessmentproject\node_modules\express\lib\router\index.js:346:12)
    at next (C:\Users\Administrator\Documents\my works\software development works\assessmentproject\node_modules\express\lib\router\index.js:280:10)
    at initialize (C:\Users\Administrator\Documents\my works\software development works\assessmentproject\node_modules\passport\lib\middleware\initialize.js:98:5)
    at Layer.handle [as handle_request] (C:\Users\Administrator\Documents\my works\software development works\assessmentproject\node_modules\express\lib\router\layer.js:95:5)
    at trim_prefix (C:\Users\Administrator\Documents\my works\software development works\assessmentproject\node_modules\express\lib\router\index.js:328:13)
    at C:\Users\Administrator\Documents\my works\software development works\assessmentproject\node_modules\express\lib\router\index.js:286:9
    at Function.process_params (C:\Users\Administrator\Documents\my works\software development works\assessmentproject\node_modules\express\lib\router\index.js:346:12)
    at next (C:\Users\Administrator\Documents\my works\software development works\assessmentproject\node_modules\express\lib\router\index.js:280:10)
    at expressInit (C:\Users\Administrator\Documents\my works\software development works\assessmentproject\node_modules\express\lib\middleware\init.js:40:5)
    at Layer.handle [as handle_request] (C:\Users\Administrator\Documents\my works\software development works\assessmentproject\node_modules\express\lib\router\layer.js:95:5) 
    url - /api/v1/google/auth 
    method - GET 
    IP - ::1
   {"timestamp":"2024-02-08T19:13:32.172Z"}
error: 
    status - 500 
    message - Error: Login sessions require session support. Did you forget to use `express-session` middleware?
    at SessionStrategy.authenticate (C:\Users\Administrator\Documents\my works\software development works\assessmentproject\node_modules\passport\lib\strategies\session.js:97:41)
    at attempt (C:\Users\Administrator\Documents\my works\software development works\assessmentproject\node_modules\passport\lib\middleware\authenticate.js:378:16)
    at authenticate (C:\Users\Administrator\Documents\my works\software development works\assessmentproject\node_modules\passport\lib\middleware\authenticate.js:379:7)
    at Layer.handle [as handle_request] (C:\Users\Administrator\Documents\my works\software development works\assessmentproject\node_modules\express\lib\router\layer.js:95:5)
    at trim_prefix (C:\Users\Administrator\Documents\my works\software development works\assessmentproject\node_modules\express\lib\router\index.js:328:13)
    at C:\Users\Administrator\Documents\my works\software development works\assessmentproject\node_modules\express\lib\router\index.js:286:9
    at Function.process_params (C:\Users\Administrator\Documents\my works\software development works\assessmentproject\node_modules\express\lib\router\index.js:346:12)
    at next (C:\Users\Administrator\Documents\my works\software development works\assessmentproject\node_modules\express\lib\router\index.js:280:10)
    at initialize (C:\Users\Administrator\Documents\my works\software development works\assessmentproject\node_modules\passport\lib\middleware\initialize.js:98:5)
    at Layer.handle [as handle_request] (C:\Users\Administrator\Documents\my works\software development works\assessmentproject\node_modules\express\lib\router\layer.js:95:5)
    at trim_prefix (C:\Users\Administrator\Documents\my works\software development works\assessmentproject\node_modules\express\lib\router\index.js:328:13)
    at C:\Users\Administrator\Documents\my works\software development works\assessmentproject\node_modules\express\lib\router\index.js:286:9
    at Function.process_params (C:\Users\Administrator\Documents\my works\software development works\assessmentproject\node_modules\express\lib\router\index.js:346:12)
    at next (C:\Users\Administrator\Documents\my works\software development works\assessmentproject\node_modules\express\lib\router\index.js:280:10)
    at expressInit (C:\Users\Administrator\Documents\my works\software development works\assessmentproject\node_modules\express\lib\middleware\init.js:40:5)
    at Layer.handle [as handle_request] (C:\Users\Administrator\Documents\my works\software development works\assessmentproject\node_modules\express\lib\router\layer.js:95:5) 
    url - /favicon.ico 
    method - GET 
    IP - ::1
   {"timestamp":"2024-02-08T19:13:32.622Z"}
error: 
    status - 500 
    message - Error: Login sessions require session support. Did you forget to use `express-session` middleware?
    at SessionStrategy.authenticate (C:\Users\Administrator\Documents\my works\software development works\assessmentproject\node_modules\passport\lib\strategies\session.js:97:41)
    at attempt (C:\Users\Administrator\Documents\my works\software development works\assessmentproject\node_modules\passport\lib\middleware\authenticate.js:378:16)
    at authenticate (C:\Users\Administrator\Documents\my works\software development works\assessmentproject\node_modules\passport\lib\middleware\authenticate.js:379:7)
    at Layer.handle [as handle_request] (C:\Users\Administrator\Documents\my works\software development works\assessmentproject\node_modules\express\lib\router\layer.js:95:5)
    at trim_prefix (C:\Users\Administrator\Documents\my works\software development works\assessmentproject\node_modules\express\lib\router\index.js:328:13)
    at C:\Users\Administrator\Documents\my works\software development works\assessmentproject\node_modules\express\lib\router\index.js:286:9
    at Function.process_params (C:\Users\Administrator\Documents\my works\software development works\assessmentproject\node_modules\express\lib\router\index.js:346:12)
    at next (C:\Users\Administrator\Documents\my works\software development works\assessmentproject\node_modules\express\lib\router\index.js:280:10)
    at initialize (C:\Users\Administrator\Documents\my works\software development works\assessmentproject\node_modules\passport\lib\middleware\initialize.js:98:5)
    at Layer.handle [as handle_request] (C:\Users\Administrator\Documents\my works\software development works\assessmentproject\node_modules\express\lib\router\layer.js:95:5)
    at trim_prefix (C:\Users\Administrator\Documents\my works\software development works\assessmentproject\node_modules\express\lib\router\index.js:328:13)
    at C:\Users\Administrator\Documents\my works\software development works\assessmentproject\node_modules\express\lib\router\index.js:286:9
    at Function.process_params (C:\Users\Administrator\Documents\my works\software development works\assessmentproject\node_modules\express\lib\router\index.js:346:12)
    at next (C:\Users\Administrator\Documents\my works\software development works\assessmentproject\node_modules\express\lib\router\index.js:280:10)
    at expressInit (C:\Users\Administrator\Documents\my works\software development works\assessmentproject\node_modules\express\lib\middleware\init.js:40:5)
    at Layer.handle [as handle_request] (C:\Users\Administrator\Documents\my works\software development works\assessmentproject\node_modules\express\lib\router\layer.js:95:5) 
    url - /api/v1/google/auth 
    method - GET 
    IP - ::1
   {"timestamp":"2024-02-08T19:21:58.833Z"}
error: 
    status - 500 
    message - Error: Login sessions require session support. Did you forget to use `express-session` middleware?
    at SessionStrategy.authenticate (C:\Users\Administrator\Documents\my works\software development works\assessmentproject\node_modules\passport\lib\strategies\session.js:97:41)
    at attempt (C:\Users\Administrator\Documents\my works\software development works\assessmentproject\node_modules\passport\lib\middleware\authenticate.js:378:16)
    at authenticate (C:\Users\Administrator\Documents\my works\software development works\assessmentproject\node_modules\passport\lib\middleware\authenticate.js:379:7)
    at Layer.handle [as handle_request] (C:\Users\Administrator\Documents\my works\software development works\assessmentproject\node_modules\express\lib\router\layer.js:95:5)
    at trim_prefix (C:\Users\Administrator\Documents\my works\software development works\assessmentproject\node_modules\express\lib\router\index.js:328:13)
    at C:\Users\Administrator\Documents\my works\software development works\assessmentproject\node_modules\express\lib\router\index.js:286:9
    at Function.process_params (C:\Users\Administrator\Documents\my works\software development works\assessmentproject\node_modules\express\lib\router\index.js:346:12)
    at next (C:\Users\Administrator\Documents\my works\software development works\assessmentproject\node_modules\express\lib\router\index.js:280:10)
    at initialize (C:\Users\Administrator\Documents\my works\software development works\assessmentproject\node_modules\passport\lib\middleware\initialize.js:98:5)
    at Layer.handle [as handle_request] (C:\Users\Administrator\Documents\my works\software development works\assessmentproject\node_modules\express\lib\router\layer.js:95:5)
    at trim_prefix (C:\Users\Administrator\Documents\my works\software development works\assessmentproject\node_modules\express\lib\router\index.js:328:13)
    at C:\Users\Administrator\Documents\my works\software development works\assessmentproject\node_modules\express\lib\router\index.js:286:9
    at Function.process_params (C:\Users\Administrator\Documents\my works\software development works\assessmentproject\node_modules\express\lib\router\index.js:346:12)
    at next (C:\Users\Administrator\Documents\my works\software development works\assessmentproject\node_modules\express\lib\router\index.js:280:10)
    at expressInit (C:\Users\Administrator\Documents\my works\software development works\assessmentproject\node_modules\express\lib\middleware\init.js:40:5)
    at Layer.handle [as handle_request] (C:\Users\Administrator\Documents\my works\software development works\assessmentproject\node_modules\express\lib\router\layer.js:95:5) 
    url - /favicon.ico 
    method - GET 
    IP - ::1
   {"timestamp":"2024-02-08T19:21:59.106Z"}
info: Server started at http://localhost:3000/api/v1/ {"timestamp":"2024-02-08T19:22:53.521Z"}
error: Could not connect to the database. querySrv ECONNREFUSED _mongodb._tcp.demo.aoloa.mongodb.net {"code":"ECONNREFUSED","hostname":"_mongodb._tcp.demo.aoloa.mongodb.net","stack":"Error: querySrv ECONNREFUSED _mongodb._tcp.demo.aoloa.mongodb.net\n    at QueryReqWrap.onresolve [as oncomplete] (node:internal/dns/callback_resolver:47:19)","syscall":"querySrv","timestamp":"2024-02-08T19:22:53.575Z"}
info: Server started at http://localhost:3000/api/v1/ {"timestamp":"2024-02-08T19:24:51.353Z"}
error: Could not connect to the database. querySrv ECONNREFUSED _mongodb._tcp.demo.aoloa.mongodb.net {"code":"ECONNREFUSED","hostname":"_mongodb._tcp.demo.aoloa.mongodb.net","stack":"Error: querySrv ECONNREFUSED _mongodb._tcp.demo.aoloa.mongodb.net\n    at QueryReqWrap.onresolve [as oncomplete] (node:internal/dns/callback_resolver:47:19)","syscall":"querySrv","timestamp":"2024-02-08T19:24:51.373Z"}
info: Server started at http://localhost:3000/api/v1/ {"timestamp":"2024-02-08T19:27:38.083Z"}
info: Connected to the database. {"timestamp":"2024-02-08T19:27:54.863Z"}
error: 
    status - 500 
    message - Error: Login sessions require session support. Did you forget to use `express-session` middleware?
    at SessionStrategy.authenticate (C:\Users\Administrator\Documents\my works\software development works\assessmentproject\node_modules\passport\lib\strategies\session.js:97:41)
    at attempt (C:\Users\Administrator\Documents\my works\software development works\assessmentproject\node_modules\passport\lib\middleware\authenticate.js:378:16)
    at authenticate (C:\Users\Administrator\Documents\my works\software development works\assessmentproject\node_modules\passport\lib\middleware\authenticate.js:379:7)
    at Layer.handle [as handle_request] (C:\Users\Administrator\Documents\my works\software development works\assessmentproject\node_modules\express\lib\router\layer.js:95:5)
    at trim_prefix (C:\Users\Administrator\Documents\my works\software development works\assessmentproject\node_modules\express\lib\router\index.js:328:13)
    at C:\Users\Administrator\Documents\my works\software development works\assessmentproject\node_modules\express\lib\router\index.js:286:9
    at Function.process_params (C:\Users\Administrator\Documents\my works\software development works\assessmentproject\node_modules\express\lib\router\index.js:346:12)
    at next (C:\Users\Administrator\Documents\my works\software development works\assessmentproject\node_modules\express\lib\router\index.js:280:10)
    at initialize (C:\Users\Administrator\Documents\my works\software development works\assessmentproject\node_modules\passport\lib\middleware\initialize.js:98:5)
    at Layer.handle [as handle_request] (C:\Users\Administrator\Documents\my works\software development works\assessmentproject\node_modules\express\lib\router\layer.js:95:5)
    at trim_prefix (C:\Users\Administrator\Documents\my works\software development works\assessmentproject\node_modules\express\lib\router\index.js:328:13)
    at C:\Users\Administrator\Documents\my works\software development works\assessmentproject\node_modules\express\lib\router\index.js:286:9
    at Function.process_params (C:\Users\Administrator\Documents\my works\software development works\assessmentproject\node_modules\express\lib\router\index.js:346:12)
    at next (C:\Users\Administrator\Documents\my works\software development works\assessmentproject\node_modules\express\lib\router\index.js:280:10)
    at expressInit (C:\Users\Administrator\Documents\my works\software development works\assessmentproject\node_modules\express\lib\middleware\init.js:40:5)
    at Layer.handle [as handle_request] (C:\Users\Administrator\Documents\my works\software development works\assessmentproject\node_modules\express\lib\router\layer.js:95:5) 
    url - /api/v1/google/auth 
    method - GET 
    IP - ::1
   {"timestamp":"2024-02-08T19:28:31.586Z"}
error: 
    status - 500 
    message - Error: Login sessions require session support. Did you forget to use `express-session` middleware?
    at SessionStrategy.authenticate (C:\Users\Administrator\Documents\my works\software development works\assessmentproject\node_modules\passport\lib\strategies\session.js:97:41)
    at attempt (C:\Users\Administrator\Documents\my works\software development works\assessmentproject\node_modules\passport\lib\middleware\authenticate.js:378:16)
    at authenticate (C:\Users\Administrator\Documents\my works\software development works\assessmentproject\node_modules\passport\lib\middleware\authenticate.js:379:7)
    at Layer.handle [as handle_request] (C:\Users\Administrator\Documents\my works\software development works\assessmentproject\node_modules\express\lib\router\layer.js:95:5)
    at trim_prefix (C:\Users\Administrator\Documents\my works\software development works\assessmentproject\node_modules\express\lib\router\index.js:328:13)
    at C:\Users\Administrator\Documents\my works\software development works\assessmentproject\node_modules\express\lib\router\index.js:286:9
    at Function.process_params (C:\Users\Administrator\Documents\my works\software development works\assessmentproject\node_modules\express\lib\router\index.js:346:12)
    at next (C:\Users\Administrator\Documents\my works\software development works\assessmentproject\node_modules\express\lib\router\index.js:280:10)
    at initialize (C:\Users\Administrator\Documents\my works\software development works\assessmentproject\node_modules\passport\lib\middleware\initialize.js:98:5)
    at Layer.handle [as handle_request] (C:\Users\Administrator\Documents\my works\software development works\assessmentproject\node_modules\express\lib\router\layer.js:95:5)
    at trim_prefix (C:\Users\Administrator\Documents\my works\software development works\assessmentproject\node_modules\express\lib\router\index.js:328:13)
    at C:\Users\Administrator\Documents\my works\software development works\assessmentproject\node_modules\express\lib\router\index.js:286:9
    at Function.process_params (C:\Users\Administrator\Documents\my works\software development works\assessmentproject\node_modules\express\lib\router\index.js:346:12)
    at next (C:\Users\Administrator\Documents\my works\software development works\assessmentproject\node_modules\express\lib\router\index.js:280:10)
    at expressInit (C:\Users\Administrator\Documents\my works\software development works\assessmentproject\node_modules\express\lib\middleware\init.js:40:5)
    at Layer.handle [as handle_request] (C:\Users\Administrator\Documents\my works\software development works\assessmentproject\node_modules\express\lib\router\layer.js:95:5) 
    url - /api/v1/google/auth 
    method - GET 
    IP - ::1
   {"timestamp":"2024-02-08T19:28:31.628Z"}
error: 
    status - 500 
    message - Error: Login sessions require session support. Did you forget to use `express-session` middleware?
    at SessionStrategy.authenticate (C:\Users\Administrator\Documents\my works\software development works\assessmentproject\node_modules\passport\lib\strategies\session.js:97:41)
    at attempt (C:\Users\Administrator\Documents\my works\software development works\assessmentproject\node_modules\passport\lib\middleware\authenticate.js:378:16)
    at authenticate (C:\Users\Administrator\Documents\my works\software development works\assessmentproject\node_modules\passport\lib\middleware\authenticate.js:379:7)
    at Layer.handle [as handle_request] (C:\Users\Administrator\Documents\my works\software development works\assessmentproject\node_modules\express\lib\router\layer.js:95:5)
    at trim_prefix (C:\Users\Administrator\Documents\my works\software development works\assessmentproject\node_modules\express\lib\router\index.js:328:13)
    at C:\Users\Administrator\Documents\my works\software development works\assessmentproject\node_modules\express\lib\router\index.js:286:9
    at Function.process_params (C:\Users\Administrator\Documents\my works\software development works\assessmentproject\node_modules\express\lib\router\index.js:346:12)
    at next (C:\Users\Administrator\Documents\my works\software development works\assessmentproject\node_modules\express\lib\router\index.js:280:10)
    at initialize (C:\Users\Administrator\Documents\my works\software development works\assessmentproject\node_modules\passport\lib\middleware\initialize.js:98:5)
    at Layer.handle [as handle_request] (C:\Users\Administrator\Documents\my works\software development works\assessmentproject\node_modules\express\lib\router\layer.js:95:5)
    at trim_prefix (C:\Users\Administrator\Documents\my works\software development works\assessmentproject\node_modules\express\lib\router\index.js:328:13)
    at C:\Users\Administrator\Documents\my works\software development works\assessmentproject\node_modules\express\lib\router\index.js:286:9
    at Function.process_params (C:\Users\Administrator\Documents\my works\software development works\assessmentproject\node_modules\express\lib\router\index.js:346:12)
    at next (C:\Users\Administrator\Documents\my works\software development works\assessmentproject\node_modules\express\lib\router\index.js:280:10)
    at expressInit (C:\Users\Administrator\Documents\my works\software development works\assessmentproject\node_modules\express\lib\middleware\init.js:40:5)
    at Layer.handle [as handle_request] (C:\Users\Administrator\Documents\my works\software development works\assessmentproject\node_modules\express\lib\router\layer.js:95:5) 
    url - /favicon.ico 
    method - GET 
    IP - ::1
   {"timestamp":"2024-02-08T19:28:31.946Z"}
info: Server started at http://localhost:3000/api/v1/ {"timestamp":"2024-02-08T19:32:05.280Z"}
info: Connected to the database. {"timestamp":"2024-02-08T19:32:08.599Z"}
info: Server started at http://localhost:3000/api/v1/ {"timestamp":"2024-02-08T19:32:28.343Z"}
info: Connected to the database. {"timestamp":"2024-02-08T19:32:31.689Z"}
error: 
    status - 500 
    message - Error: Unknown authentication strategy "google"
    at attempt (C:\Users\Administrator\Documents\my works\software development works\assessmentproject\node_modules\passport\lib\middleware\authenticate.js:193:39)
    at authenticate (C:\Users\Administrator\Documents\my works\software development works\assessmentproject\node_modules\passport\lib\middleware\authenticate.js:379:7)
    at Layer.handle [as handle_request] (C:\Users\Administrator\Documents\my works\software development works\assessmentproject\node_modules\express\lib\router\layer.js:95:5)
    at next (C:\Users\Administrator\Documents\my works\software development works\assessmentproject\node_modules\express\lib\router\route.js:144:13)
    at Route.dispatch (C:\Users\Administrator\Documents\my works\software development works\assessmentproject\node_modules\express\lib\router\route.js:114:3)
    at Layer.handle [as handle_request] (C:\Users\Administrator\Documents\my works\software development works\assessmentproject\node_modules\express\lib\router\layer.js:95:5)
    at C:\Users\Administrator\Documents\my works\software development works\assessmentproject\node_modules\express\lib\router\index.js:284:15
    at Function.process_params (C:\Users\Administrator\Documents\my works\software development works\assessmentproject\node_modules\express\lib\router\index.js:346:12)
    at next (C:\Users\Administrator\Documents\my works\software development works\assessmentproject\node_modules\express\lib\router\index.js:280:10)
    at Function.handle (C:\Users\Administrator\Documents\my works\software development works\assessmentproject\node_modules\express\lib\router\index.js:175:3)
    at router (C:\Users\Administrator\Documents\my works\software development works\assessmentproject\node_modules\express\lib\router\index.js:47:12)
    at Layer.handle [as handle_request] (C:\Users\Administrator\Documents\my works\software development works\assessmentproject\node_modules\express\lib\router\layer.js:95:5)
    at trim_prefix (C:\Users\Administrator\Documents\my works\software development works\assessmentproject\node_modules\express\lib\router\index.js:328:13)
    at C:\Users\Administrator\Documents\my works\software development works\assessmentproject\node_modules\express\lib\router\index.js:286:9
    at Function.process_params (C:\Users\Administrator\Documents\my works\software development works\assessmentproject\node_modules\express\lib\router\index.js:346:12)
    at next (C:\Users\Administrator\Documents\my works\software development works\assessmentproject\node_modules\express\lib\router\index.js:280:10) 
    url - /api/v1/google/auth 
    method - GET 
    IP - ::1
   {"timestamp":"2024-02-08T19:32:52.440Z"}
info: Server started at http://localhost:3000/api/v1/ {"timestamp":"2024-02-08T19:36:35.499Z"}
info: Connected to the database. {"timestamp":"2024-02-08T19:37:04.994Z"}
error: 
    status - 500 
    message - Error: Unknown authentication strategy "google"
    at attempt (C:\Users\Administrator\Documents\my works\software development works\assessmentproject\node_modules\passport\lib\middleware\authenticate.js:193:39)
    at authenticate (C:\Users\Administrator\Documents\my works\software development works\assessmentproject\node_modules\passport\lib\middleware\authenticate.js:379:7)
    at Layer.handle [as handle_request] (C:\Users\Administrator\Documents\my works\software development works\assessmentproject\node_modules\express\lib\router\layer.js:95:5)
    at next (C:\Users\Administrator\Documents\my works\software development works\assessmentproject\node_modules\express\lib\router\route.js:144:13)
    at Route.dispatch (C:\Users\Administrator\Documents\my works\software development works\assessmentproject\node_modules\express\lib\router\route.js:114:3)
    at Layer.handle [as handle_request] (C:\Users\Administrator\Documents\my works\software development works\assessmentproject\node_modules\express\lib\router\layer.js:95:5)
    at C:\Users\Administrator\Documents\my works\software development works\assessmentproject\node_modules\express\lib\router\index.js:284:15
    at Function.process_params (C:\Users\Administrator\Documents\my works\software development works\assessmentproject\node_modules\express\lib\router\index.js:346:12)
    at next (C:\Users\Administrator\Documents\my works\software development works\assessmentproject\node_modules\express\lib\router\index.js:280:10)
    at Function.handle (C:\Users\Administrator\Documents\my works\software development works\assessmentproject\node_modules\express\lib\router\index.js:175:3)
    at router (C:\Users\Administrator\Documents\my works\software development works\assessmentproject\node_modules\express\lib\router\index.js:47:12)
    at Layer.handle [as handle_request] (C:\Users\Administrator\Documents\my works\software development works\assessmentproject\node_modules\express\lib\router\layer.js:95:5)
    at trim_prefix (C:\Users\Administrator\Documents\my works\software development works\assessmentproject\node_modules\express\lib\router\index.js:328:13)
    at C:\Users\Administrator\Documents\my works\software development works\assessmentproject\node_modules\express\lib\router\index.js:286:9
    at Function.process_params (C:\Users\Administrator\Documents\my works\software development works\assessmentproject\node_modules\express\lib\router\index.js:346:12)
    at next (C:\Users\Administrator\Documents\my works\software development works\assessmentproject\node_modules\express\lib\router\index.js:280:10) 
    url - /api/v1/google/auth 
    method - GET 
    IP - ::1
   {"timestamp":"2024-02-08T19:38:42.636Z"}
info: Server started at http://localhost:3000/api/v1/ {"timestamp":"2024-02-08T19:44:35.204Z"}
info: Connected to the database. {"timestamp":"2024-02-08T19:44:40.272Z"}
error: 
    status - 500 
    message - Error: Unknown authentication strategy "google"
    at attempt (C:\Users\Administrator\Documents\my works\software development works\assessmentproject\node_modules\passport\lib\middleware\authenticate.js:193:39)
    at authenticate (C:\Users\Administrator\Documents\my works\software development works\assessmentproject\node_modules\passport\lib\middleware\authenticate.js:379:7)
    at Layer.handle [as handle_request] (C:\Users\Administrator\Documents\my works\software development works\assessmentproject\node_modules\express\lib\router\layer.js:95:5)
    at next (C:\Users\Administrator\Documents\my works\software development works\assessmentproject\node_modules\express\lib\router\route.js:144:13)
    at Route.dispatch (C:\Users\Administrator\Documents\my works\software development works\assessmentproject\node_modules\express\lib\router\route.js:114:3)
    at Layer.handle [as handle_request] (C:\Users\Administrator\Documents\my works\software development works\assessmentproject\node_modules\express\lib\router\layer.js:95:5)
    at C:\Users\Administrator\Documents\my works\software development works\assessmentproject\node_modules\express\lib\router\index.js:284:15
    at Function.process_params (C:\Users\Administrator\Documents\my works\software development works\assessmentproject\node_modules\express\lib\router\index.js:346:12)
    at next (C:\Users\Administrator\Documents\my works\software development works\assessmentproject\node_modules\express\lib\router\index.js:280:10)
    at Function.handle (C:\Users\Administrator\Documents\my works\software development works\assessmentproject\node_modules\express\lib\router\index.js:175:3)
    at router (C:\Users\Administrator\Documents\my works\software development works\assessmentproject\node_modules\express\lib\router\index.js:47:12)
    at Layer.handle [as handle_request] (C:\Users\Administrator\Documents\my works\software development works\assessmentproject\node_modules\express\lib\router\layer.js:95:5)
    at trim_prefix (C:\Users\Administrator\Documents\my works\software development works\assessmentproject\node_modules\express\lib\router\index.js:328:13)
    at C:\Users\Administrator\Documents\my works\software development works\assessmentproject\node_modules\express\lib\router\index.js:286:9
    at Function.process_params (C:\Users\Administrator\Documents\my works\software development works\assessmentproject\node_modules\express\lib\router\index.js:346:12)
    at next (C:\Users\Administrator\Documents\my works\software development works\assessmentproject\node_modules\express\lib\router\index.js:280:10) 
    url - /api/v1/google/auth 
    method - GET 
    IP - ::1
   {"timestamp":"2024-02-08T19:44:50.472Z"}
error: 
    status - 500 
    message - Error: Unknown authentication strategy "google"
    at attempt (C:\Users\Administrator\Documents\my works\software development works\assessmentproject\node_modules\passport\lib\middleware\authenticate.js:193:39)
    at authenticate (C:\Users\Administrator\Documents\my works\software development works\assessmentproject\node_modules\passport\lib\middleware\authenticate.js:379:7)
    at Layer.handle [as handle_request] (C:\Users\Administrator\Documents\my works\software development works\assessmentproject\node_modules\express\lib\router\layer.js:95:5)
    at next (C:\Users\Administrator\Documents\my works\software development works\assessmentproject\node_modules\express\lib\router\route.js:144:13)
    at Route.dispatch (C:\Users\Administrator\Documents\my works\software development works\assessmentproject\node_modules\express\lib\router\route.js:114:3)
    at Layer.handle [as handle_request] (C:\Users\Administrator\Documents\my works\software development works\assessmentproject\node_modules\express\lib\router\layer.js:95:5)
    at C:\Users\Administrator\Documents\my works\software development works\assessmentproject\node_modules\express\lib\router\index.js:284:15
    at Function.process_params (C:\Users\Administrator\Documents\my works\software development works\assessmentproject\node_modules\express\lib\router\index.js:346:12)
    at next (C:\Users\Administrator\Documents\my works\software development works\assessmentproject\node_modules\express\lib\router\index.js:280:10)
    at Function.handle (C:\Users\Administrator\Documents\my works\software development works\assessmentproject\node_modules\express\lib\router\index.js:175:3)
    at router (C:\Users\Administrator\Documents\my works\software development works\assessmentproject\node_modules\express\lib\router\index.js:47:12)
    at Layer.handle [as handle_request] (C:\Users\Administrator\Documents\my works\software development works\assessmentproject\node_modules\express\lib\router\layer.js:95:5)
    at trim_prefix (C:\Users\Administrator\Documents\my works\software development works\assessmentproject\node_modules\express\lib\router\index.js:328:13)
    at C:\Users\Administrator\Documents\my works\software development works\assessmentproject\node_modules\express\lib\router\index.js:286:9
    at Function.process_params (C:\Users\Administrator\Documents\my works\software development works\assessmentproject\node_modules\express\lib\router\index.js:346:12)
    at next (C:\Users\Administrator\Documents\my works\software development works\assessmentproject\node_modules\express\lib\router\index.js:280:10) 
    url - /api/v1/google/auth 
    method - GET 
    IP - ::1
   {"timestamp":"2024-02-08T19:44:54.698Z"}
info: Server started at http://localhost:3000/api/v1/ {"timestamp":"2024-02-08T19:45:49.229Z"}
info: Connected to the database. {"timestamp":"2024-02-08T19:45:53.714Z"}
error: 
    status - 500 
    message - Error: Unknown authentication strategy "google"
    at attempt (C:\Users\Administrator\Documents\my works\software development works\assessmentproject\node_modules\passport\lib\middleware\authenticate.js:193:39)
    at authenticate (C:\Users\Administrator\Documents\my works\software development works\assessmentproject\node_modules\passport\lib\middleware\authenticate.js:379:7)
    at Layer.handle [as handle_request] (C:\Users\Administrator\Documents\my works\software development works\assessmentproject\node_modules\express\lib\router\layer.js:95:5)
    at next (C:\Users\Administrator\Documents\my works\software development works\assessmentproject\node_modules\express\lib\router\route.js:144:13)
    at Route.dispatch (C:\Users\Administrator\Documents\my works\software development works\assessmentproject\node_modules\express\lib\router\route.js:114:3)
    at Layer.handle [as handle_request] (C:\Users\Administrator\Documents\my works\software development works\assessmentproject\node_modules\express\lib\router\layer.js:95:5)
    at C:\Users\Administrator\Documents\my works\software development works\assessmentproject\node_modules\express\lib\router\index.js:284:15
    at Function.process_params (C:\Users\Administrator\Documents\my works\software development works\assessmentproject\node_modules\express\lib\router\index.js:346:12)
    at next (C:\Users\Administrator\Documents\my works\software development works\assessmentproject\node_modules\express\lib\router\index.js:280:10)
    at Function.handle (C:\Users\Administrator\Documents\my works\software development works\assessmentproject\node_modules\express\lib\router\index.js:175:3)
    at router (C:\Users\Administrator\Documents\my works\software development works\assessmentproject\node_modules\express\lib\router\index.js:47:12)
    at Layer.handle [as handle_request] (C:\Users\Administrator\Documents\my works\software development works\assessmentproject\node_modules\express\lib\router\layer.js:95:5)
    at trim_prefix (C:\Users\Administrator\Documents\my works\software development works\assessmentproject\node_modules\express\lib\router\index.js:328:13)
    at C:\Users\Administrator\Documents\my works\software development works\assessmentproject\node_modules\express\lib\router\index.js:286:9
    at Function.process_params (C:\Users\Administrator\Documents\my works\software development works\assessmentproject\node_modules\express\lib\router\index.js:346:12)
    at next (C:\Users\Administrator\Documents\my works\software development works\assessmentproject\node_modules\express\lib\router\index.js:280:10) 
    url - /api/v1/google/auth 
    method - GET 
    IP - ::1
   {"timestamp":"2024-02-08T19:46:08.971Z"}
error: 
    status - 500 
    message - Error: Unknown authentication strategy "google"
    at attempt (C:\Users\Administrator\Documents\my works\software development works\assessmentproject\node_modules\passport\lib\middleware\authenticate.js:193:39)
    at authenticate (C:\Users\Administrator\Documents\my works\software development works\assessmentproject\node_modules\passport\lib\middleware\authenticate.js:379:7)
    at Layer.handle [as handle_request] (C:\Users\Administrator\Documents\my works\software development works\assessmentproject\node_modules\express\lib\router\layer.js:95:5)
    at next (C:\Users\Administrator\Documents\my works\software development works\assessmentproject\node_modules\express\lib\router\route.js:144:13)
    at Route.dispatch (C:\Users\Administrator\Documents\my works\software development works\assessmentproject\node_modules\express\lib\router\route.js:114:3)
    at Layer.handle [as handle_request] (C:\Users\Administrator\Documents\my works\software development works\assessmentproject\node_modules\express\lib\router\layer.js:95:5)
    at C:\Users\Administrator\Documents\my works\software development works\assessmentproject\node_modules\express\lib\router\index.js:284:15
    at Function.process_params (C:\Users\Administrator\Documents\my works\software development works\assessmentproject\node_modules\express\lib\router\index.js:346:12)
    at next (C:\Users\Administrator\Documents\my works\software development works\assessmentproject\node_modules\express\lib\router\index.js:280:10)
    at Function.handle (C:\Users\Administrator\Documents\my works\software development works\assessmentproject\node_modules\express\lib\router\index.js:175:3)
    at router (C:\Users\Administrator\Documents\my works\software development works\assessmentproject\node_modules\express\lib\router\index.js:47:12)
    at Layer.handle [as handle_request] (C:\Users\Administrator\Documents\my works\software development works\assessmentproject\node_modules\express\lib\router\layer.js:95:5)
    at trim_prefix (C:\Users\Administrator\Documents\my works\software development works\assessmentproject\node_modules\express\lib\router\index.js:328:13)
    at C:\Users\Administrator\Documents\my works\software development works\assessmentproject\node_modules\express\lib\router\index.js:286:9
    at Function.process_params (C:\Users\Administrator\Documents\my works\software development works\assessmentproject\node_modules\express\lib\router\index.js:346:12)
    at next (C:\Users\Administrator\Documents\my works\software development works\assessmentproject\node_modules\express\lib\router\index.js:280:10) 
    url - /api/v1/google/auth 
    method - GET 
    IP - ::1
   {"timestamp":"2024-02-08T19:46:11.266Z"}
