info: Server started at http://localhost:4000/api/v1/ {"timestamp":"2024-05-10T14:34:57.292Z"}
error: Could not connect to the database. Could not connect to any servers in your MongoDB Atlas cluster. One common reason is that you're trying to access the database from an IP that isn't whitelisted. Make sure your current IP address is on your Atlas cluster's IP whitelist: https://docs.atlas.mongodb.com/security-whitelist/ {"reason":{"commonWireVersion":null,"compatibilityError":null,"compatible":true,"heartbeatFrequencyMS":10000,"localThresholdMS":15,"logicalSessionTimeoutMinutes":null,"maxElectionId":null,"maxSetVersion":null,"servers":{},"setName":null,"stale":false,"type":"ReplicaSetNoPrimary"},"stack":"MongooseServerSelectionError: Could not connect to any servers in your MongoDB Atlas cluster. One common reason is that you're trying to access the database from an IP that isn't whitelisted. Make sure your current IP address is on your Atlas cluster's IP whitelist: https://docs.atlas.mongodb.com/security-whitelist/\n    at NativeConnection.Connection.openUri (C:\\Users\\USER\\Documents\\software\\catura-api\\node_modules\\mongoose\\lib\\connection.js:847:32)\n    at C:\\Users\\USER\\Documents\\software\\catura-api\\node_modules\\mongoose\\lib\\index.js:351:10\n    at C:\\Users\\USER\\Documents\\software\\catura-api\\node_modules\\mongoose\\lib\\helpers\\promiseOrCallback.js:32:5\n    at new Promise (<anonymous>)\n    at promiseOrCallback (C:\\Users\\USER\\Documents\\software\\catura-api\\node_modules\\mongoose\\lib\\helpers\\promiseOrCallback.js:31:10)\n    at Mongoose._promiseOrCallback (C:\\Users\\USER\\Documents\\software\\catura-api\\node_modules\\mongoose\\lib\\index.js:1149:10)\n    at Mongoose.connect (C:\\Users\\USER\\Documents\\software\\catura-api\\node_modules\\mongoose\\lib\\index.js:350:20)\n    at Database.<anonymous> (C:\\Users\\USER\\Documents\\software\\catura-api\\src\\config\\database.ts:21:22)\n    at Generator.next (<anonymous>)\n    at C:\\Users\\USER\\Documents\\software\\catura-api\\src\\config\\database.ts:8:71\n    at new Promise (<anonymous>)\n    at __awaiter (C:\\Users\\USER\\Documents\\software\\catura-api\\src\\config\\database.ts:4:12)\n    at Database.initializeDatabase (C:\\Users\\USER\\Documents\\software\\catura-api\\src\\config\\database.ts:19:57)\n    at App.initializeDatabase (C:\\Users\\USER\\Documents\\software\\catura-api\\src\\index.ts:64:13)\n    at new App (C:\\Users\\USER\\Documents\\software\\catura-api\\src\\index.ts:40:10)\n    at Object.<anonymous> (C:\\Users\\USER\\Documents\\software\\catura-api\\src\\index.ts:92:13)","timestamp":"2024-05-10T14:35:29.359Z"}
info: Server started at http://localhost:4000/api/v1/ {"timestamp":"2024-05-10T14:47:30.451Z"}
error: Could not connect to the database. Could not connect to any servers in your MongoDB Atlas cluster. One common reason is that you're trying to access the database from an IP that isn't whitelisted. Make sure your current IP address is on your Atlas cluster's IP whitelist: https://docs.atlas.mongodb.com/security-whitelist/ {"reason":{"commonWireVersion":null,"compatibilityError":null,"compatible":true,"heartbeatFrequencyMS":10000,"localThresholdMS":15,"logicalSessionTimeoutMinutes":null,"maxElectionId":null,"maxSetVersion":null,"servers":{},"setName":null,"stale":false,"type":"ReplicaSetNoPrimary"},"stack":"MongooseServerSelectionError: Could not connect to any servers in your MongoDB Atlas cluster. One common reason is that you're trying to access the database from an IP that isn't whitelisted. Make sure your current IP address is on your Atlas cluster's IP whitelist: https://docs.atlas.mongodb.com/security-whitelist/\n    at NativeConnection.Connection.openUri (C:\\Users\\USER\\Documents\\software\\catura-api\\node_modules\\mongoose\\lib\\connection.js:847:32)\n    at C:\\Users\\USER\\Documents\\software\\catura-api\\node_modules\\mongoose\\lib\\index.js:351:10\n    at C:\\Users\\USER\\Documents\\software\\catura-api\\node_modules\\mongoose\\lib\\helpers\\promiseOrCallback.js:32:5\n    at new Promise (<anonymous>)\n    at promiseOrCallback (C:\\Users\\USER\\Documents\\software\\catura-api\\node_modules\\mongoose\\lib\\helpers\\promiseOrCallback.js:31:10)\n    at Mongoose._promiseOrCallback (C:\\Users\\USER\\Documents\\software\\catura-api\\node_modules\\mongoose\\lib\\index.js:1149:10)\n    at Mongoose.connect (C:\\Users\\USER\\Documents\\software\\catura-api\\node_modules\\mongoose\\lib\\index.js:350:20)\n    at Database.<anonymous> (C:\\Users\\USER\\Documents\\software\\catura-api\\src\\config\\database.ts:21:22)\n    at Generator.next (<anonymous>)\n    at C:\\Users\\USER\\Documents\\software\\catura-api\\src\\config\\database.ts:8:71\n    at new Promise (<anonymous>)\n    at __awaiter (C:\\Users\\USER\\Documents\\software\\catura-api\\src\\config\\database.ts:4:12)\n    at Database.initializeDatabase (C:\\Users\\USER\\Documents\\software\\catura-api\\src\\config\\database.ts:19:57)\n    at App.initializeDatabase (C:\\Users\\USER\\Documents\\software\\catura-api\\src\\index.ts:64:13)\n    at new App (C:\\Users\\USER\\Documents\\software\\catura-api\\src\\index.ts:40:10)\n    at Object.<anonymous> (C:\\Users\\USER\\Documents\\software\\catura-api\\src\\index.ts:92:13)","timestamp":"2024-05-10T14:48:02.619Z"}
info: Server started at http://localhost:4000/api/v1/ {"timestamp":"2024-05-10T14:48:36.250Z"}
error: Could not connect to the database. Could not connect to any servers in your MongoDB Atlas cluster. One common reason is that you're trying to access the database from an IP that isn't whitelisted. Make sure your current IP address is on your Atlas cluster's IP whitelist: https://docs.atlas.mongodb.com/security-whitelist/ {"reason":{"commonWireVersion":null,"compatibilityError":null,"compatible":true,"heartbeatFrequencyMS":10000,"localThresholdMS":15,"logicalSessionTimeoutMinutes":null,"maxElectionId":null,"maxSetVersion":null,"servers":{},"setName":null,"stale":false,"type":"ReplicaSetNoPrimary"},"stack":"MongooseServerSelectionError: Could not connect to any servers in your MongoDB Atlas cluster. One common reason is that you're trying to access the database from an IP that isn't whitelisted. Make sure your current IP address is on your Atlas cluster's IP whitelist: https://docs.atlas.mongodb.com/security-whitelist/\n    at NativeConnection.Connection.openUri (C:\\Users\\USER\\Documents\\software\\catura-api\\node_modules\\mongoose\\lib\\connection.js:847:32)\n    at C:\\Users\\USER\\Documents\\software\\catura-api\\node_modules\\mongoose\\lib\\index.js:351:10\n    at C:\\Users\\USER\\Documents\\software\\catura-api\\node_modules\\mongoose\\lib\\helpers\\promiseOrCallback.js:32:5\n    at new Promise (<anonymous>)\n    at promiseOrCallback (C:\\Users\\USER\\Documents\\software\\catura-api\\node_modules\\mongoose\\lib\\helpers\\promiseOrCallback.js:31:10)\n    at Mongoose._promiseOrCallback (C:\\Users\\USER\\Documents\\software\\catura-api\\node_modules\\mongoose\\lib\\index.js:1149:10)\n    at Mongoose.connect (C:\\Users\\USER\\Documents\\software\\catura-api\\node_modules\\mongoose\\lib\\index.js:350:20)\n    at Database.<anonymous> (C:\\Users\\USER\\Documents\\software\\catura-api\\src\\config\\database.ts:21:22)\n    at Generator.next (<anonymous>)\n    at C:\\Users\\USER\\Documents\\software\\catura-api\\src\\config\\database.ts:8:71\n    at new Promise (<anonymous>)\n    at __awaiter (C:\\Users\\USER\\Documents\\software\\catura-api\\src\\config\\database.ts:4:12)\n    at Database.initializeDatabase (C:\\Users\\USER\\Documents\\software\\catura-api\\src\\config\\database.ts:19:57)\n    at App.initializeDatabase (C:\\Users\\USER\\Documents\\software\\catura-api\\src\\index.ts:64:13)\n    at new App (C:\\Users\\USER\\Documents\\software\\catura-api\\src\\index.ts:40:10)\n    at Object.<anonymous> (C:\\Users\\USER\\Documents\\software\\catura-api\\src\\index.ts:92:13)","timestamp":"2024-05-10T14:49:08.283Z"}
info: Server started at http://localhost:4000/api/v1/ {"timestamp":"2024-05-10T14:51:36.710Z"}
error: Could not connect to the database. Could not connect to any servers in your MongoDB Atlas cluster. One common reason is that you're trying to access the database from an IP that isn't whitelisted. Make sure your current IP address is on your Atlas cluster's IP whitelist: https://docs.atlas.mongodb.com/security-whitelist/ {"reason":{"commonWireVersion":null,"compatibilityError":null,"compatible":true,"heartbeatFrequencyMS":10000,"localThresholdMS":15,"logicalSessionTimeoutMinutes":null,"maxElectionId":null,"maxSetVersion":null,"servers":{},"setName":null,"stale":false,"type":"ReplicaSetNoPrimary"},"stack":"MongooseServerSelectionError: Could not connect to any servers in your MongoDB Atlas cluster. One common reason is that you're trying to access the database from an IP that isn't whitelisted. Make sure your current IP address is on your Atlas cluster's IP whitelist: https://docs.atlas.mongodb.com/security-whitelist/\n    at NativeConnection.Connection.openUri (C:\\Users\\USER\\Documents\\software\\catura-api\\node_modules\\mongoose\\lib\\connection.js:847:32)\n    at C:\\Users\\USER\\Documents\\software\\catura-api\\node_modules\\mongoose\\lib\\index.js:351:10\n    at C:\\Users\\USER\\Documents\\software\\catura-api\\node_modules\\mongoose\\lib\\helpers\\promiseOrCallback.js:32:5\n    at new Promise (<anonymous>)\n    at promiseOrCallback (C:\\Users\\USER\\Documents\\software\\catura-api\\node_modules\\mongoose\\lib\\helpers\\promiseOrCallback.js:31:10)\n    at Mongoose._promiseOrCallback (C:\\Users\\USER\\Documents\\software\\catura-api\\node_modules\\mongoose\\lib\\index.js:1149:10)\n    at Mongoose.connect (C:\\Users\\USER\\Documents\\software\\catura-api\\node_modules\\mongoose\\lib\\index.js:350:20)\n    at Database.<anonymous> (C:\\Users\\USER\\Documents\\software\\catura-api\\src\\config\\database.ts:21:22)\n    at Generator.next (<anonymous>)\n    at C:\\Users\\USER\\Documents\\software\\catura-api\\src\\config\\database.ts:8:71\n    at new Promise (<anonymous>)\n    at __awaiter (C:\\Users\\USER\\Documents\\software\\catura-api\\src\\config\\database.ts:4:12)\n    at Database.initializeDatabase (C:\\Users\\USER\\Documents\\software\\catura-api\\src\\config\\database.ts:19:57)\n    at App.initializeDatabase (C:\\Users\\USER\\Documents\\software\\catura-api\\src\\index.ts:64:13)\n    at new App (C:\\Users\\USER\\Documents\\software\\catura-api\\src\\index.ts:40:10)\n    at Object.<anonymous> (C:\\Users\\USER\\Documents\\software\\catura-api\\src\\index.ts:92:13)","timestamp":"2024-05-10T14:52:08.711Z"}
info: Server started at http://localhost:4000/api/v1/ {"timestamp":"2024-05-10T14:53:28.050Z"}
info: Server started at http://localhost:4000/api/v1/ {"timestamp":"2024-05-10T14:53:37.701Z"}
info: Server started at http://localhost:4000/api/v1/ {"timestamp":"2024-05-10T14:53:53.605Z"}
info: Server started at http://localhost:4000/api/v1/ {"timestamp":"2024-05-10T14:54:06.852Z"}
error: Could not connect to the database. Could not connect to any servers in your MongoDB Atlas cluster. One common reason is that you're trying to access the database from an IP that isn't whitelisted. Make sure your current IP address is on your Atlas cluster's IP whitelist: https://docs.atlas.mongodb.com/security-whitelist/ {"reason":{"commonWireVersion":null,"compatibilityError":null,"compatible":true,"heartbeatFrequencyMS":10000,"localThresholdMS":15,"logicalSessionTimeoutMinutes":null,"maxElectionId":null,"maxSetVersion":null,"servers":{},"setName":null,"stale":false,"type":"ReplicaSetNoPrimary"},"stack":"MongooseServerSelectionError: Could not connect to any servers in your MongoDB Atlas cluster. One common reason is that you're trying to access the database from an IP that isn't whitelisted. Make sure your current IP address is on your Atlas cluster's IP whitelist: https://docs.atlas.mongodb.com/security-whitelist/\n    at NativeConnection.Connection.openUri (C:\\Users\\USER\\Documents\\software\\catura-api\\node_modules\\mongoose\\lib\\connection.js:847:32)\n    at C:\\Users\\USER\\Documents\\software\\catura-api\\node_modules\\mongoose\\lib\\index.js:351:10\n    at C:\\Users\\USER\\Documents\\software\\catura-api\\node_modules\\mongoose\\lib\\helpers\\promiseOrCallback.js:32:5\n    at new Promise (<anonymous>)\n    at promiseOrCallback (C:\\Users\\USER\\Documents\\software\\catura-api\\node_modules\\mongoose\\lib\\helpers\\promiseOrCallback.js:31:10)\n    at Mongoose._promiseOrCallback (C:\\Users\\USER\\Documents\\software\\catura-api\\node_modules\\mongoose\\lib\\index.js:1149:10)\n    at Mongoose.connect (C:\\Users\\USER\\Documents\\software\\catura-api\\node_modules\\mongoose\\lib\\index.js:350:20)\n    at Database.<anonymous> (C:\\Users\\USER\\Documents\\software\\catura-api\\src\\config\\database.ts:21:22)\n    at Generator.next (<anonymous>)\n    at C:\\Users\\USER\\Documents\\software\\catura-api\\src\\config\\database.ts:8:71\n    at new Promise (<anonymous>)\n    at __awaiter (C:\\Users\\USER\\Documents\\software\\catura-api\\src\\config\\database.ts:4:12)\n    at Database.initializeDatabase (C:\\Users\\USER\\Documents\\software\\catura-api\\src\\config\\database.ts:19:57)\n    at App.initializeDatabase (C:\\Users\\USER\\Documents\\software\\catura-api\\src\\index.ts:64:13)\n    at new App (C:\\Users\\USER\\Documents\\software\\catura-api\\src\\index.ts:40:10)\n    at Object.<anonymous> (C:\\Users\\USER\\Documents\\software\\catura-api\\src\\index.ts:92:13)","timestamp":"2024-05-10T14:54:38.515Z"}
info: Server started at http://localhost:4000/api/v1/ {"timestamp":"2024-05-10T15:13:26.498Z"}
info: Connected to the database. {"timestamp":"2024-05-10T15:13:42.824Z"}
info: Server started at http://localhost:4000/api/v1/ {"timestamp":"2024-05-10T15:18:18.471Z"}
info: Server started at http://localhost:4000/api/v1/ {"timestamp":"2024-05-10T15:19:15.783Z"}
info: Connected to the database. {"timestamp":"2024-05-10T15:19:34.767Z"}
info: Server started at http://localhost:4000/api/v1/ {"timestamp":"2024-05-10T15:25:03.569Z"}
info: Connected to the database. {"timestamp":"2024-05-10T15:25:21.401Z"}
info: Server started at http://localhost:4000/api/v1/ {"timestamp":"2024-05-10T15:30:25.085Z"}
info: Connected to the database. {"timestamp":"2024-05-10T15:30:38.719Z"}
info: Server started at http://localhost:4000/api/v1/ {"timestamp":"2024-05-10T15:32:12.850Z"}
info: Connected to the database. {"timestamp":"2024-05-10T15:32:28.726Z"}
info: Server started at http://localhost:4000/api/v1/ {"timestamp":"2024-05-10T15:33:14.078Z"}
info: Connected to the database. {"timestamp":"2024-05-10T15:33:27.160Z"}
info: Server started at http://localhost:4000/api/v1/ {"timestamp":"2024-05-10T15:36:12.433Z"}
info: Connected to the database. {"timestamp":"2024-05-10T15:36:30.986Z"}
error: 
    status - 500 
    message - MongooseServerSelectionError: Could not connect to any servers in your MongoDB Atlas cluster. One common reason is that you're trying to access the database from an IP that isn't whitelisted. Make sure your current IP address is on your Atlas cluster's IP whitelist: https://docs.atlas.mongodb.com/security-whitelist/
    at Function.Model.$wrapCallback (C:\Users\USER\Documents\software\catura-api\node_modules\mongoose\lib\model.js:5095:32)
    at C:\Users\USER\Documents\software\catura-api\node_modules\mongoose\lib\query.js:4510:21
    at C:\Users\USER\Documents\software\catura-api\node_modules\mongoose\lib\helpers\promiseOrCallback.js:32:5
    at new Promise (<anonymous>)
    at promiseOrCallback (C:\Users\USER\Documents\software\catura-api\node_modules\mongoose\lib\helpers\promiseOrCallback.js:31:10)
    at model.Query.exec (C:\Users\USER\Documents\software\catura-api\node_modules\mongoose\lib\query.js:4509:10)
    at model.Query.Query.then (C:\Users\USER\Documents\software\catura-api\node_modules\mongoose\lib\query.js:4592:15)
    at processTicksAndRejections (node:internal/process/task_queues:95:5) 
    url - /api/v1/auth/663e3f1f3e37562a947abf8e 
    method - GET 
    IP - ::1
   {"timestamp":"2024-05-10T15:39:36.371Z"}
error: 
    status - 500 
    message - MongooseServerSelectionError: Could not connect to any servers in your MongoDB Atlas cluster. One common reason is that you're trying to access the database from an IP that isn't whitelisted. Make sure your current IP address is on your Atlas cluster's IP whitelist: https://docs.atlas.mongodb.com/security-whitelist/
    at Function.Model.$wrapCallback (C:\Users\USER\Documents\software\catura-api\node_modules\mongoose\lib\model.js:5095:32)
    at C:\Users\USER\Documents\software\catura-api\node_modules\mongoose\lib\query.js:4510:21
    at C:\Users\USER\Documents\software\catura-api\node_modules\mongoose\lib\helpers\promiseOrCallback.js:32:5
    at new Promise (<anonymous>)
    at promiseOrCallback (C:\Users\USER\Documents\software\catura-api\node_modules\mongoose\lib\helpers\promiseOrCallback.js:31:10)
    at model.Query.exec (C:\Users\USER\Documents\software\catura-api\node_modules\mongoose\lib\query.js:4509:10)
    at model.Query.Query.then (C:\Users\USER\Documents\software\catura-api\node_modules\mongoose\lib\query.js:4592:15)
    at processTicksAndRejections (node:internal/process/task_queues:95:5) 
    url - /api/v1/auth/663e3f1f3e37562a947abf8e 
    method - GET 
    IP - ::1
   {"timestamp":"2024-05-10T15:39:54.740Z"}
info: Server started at http://localhost:4000/api/v1/ {"timestamp":"2024-05-10T15:40:26.369Z"}
info: Connected to the database. {"timestamp":"2024-05-10T15:40:40.083Z"}
