info: Server started at http://localhost:4000/api/v1/ {"timestamp":"2024-03-19T15:18:33.865Z"}
info: Connected to the database. {"timestamp":"2024-03-19T15:18:39.876Z"}
info: Server started at http://localhost:4000/api/v1/ {"timestamp":"2024-03-19T15:21:17.333Z"}
info: Connected to the database. {"timestamp":"2024-03-19T15:21:24.610Z"}
info: Server started at http://localhost:4000/api/v1/ {"timestamp":"2024-03-19T15:24:48.958Z"}
info: Connected to the database. {"timestamp":"2024-03-19T15:24:55.198Z"}
info: Server started at http://localhost:4000/api/v1/ {"timestamp":"2024-03-19T15:25:24.392Z"}
info: Connected to the database. {"timestamp":"2024-03-19T15:25:29.445Z"}
error: 
    status - 500 
    message - ValidationError: "phone" is not allowed 
    url - /api/v1/auth/signup 
    method - POST 
    IP - ::1
   {"timestamp":"2024-03-19T15:25:49.472Z"}
error: 
    status - 500 
    message - ValidationError: "phone" is not allowed 
    url - /api/v1/auth/signup 
    method - POST 
    IP - ::1
   {"timestamp":"2024-03-19T15:26:43.459Z"}
error: 
    status - 500 
    message - ValidationError: "phone" is not allowed 
    url - /api/v1/auth/signup 
    method - POST 
    IP - ::1
   {"timestamp":"2024-03-19T15:26:45.314Z"}
info: Server started at http://localhost:4000/api/v1/ {"timestamp":"2024-03-19T15:31:23.305Z"}
info: Connected to the database. {"timestamp":"2024-03-19T15:31:29.767Z"}
info: Server started at http://localhost:4000/api/v1/ {"timestamp":"2024-03-19T15:35:13.628Z"}
info: Connected to the database. {"timestamp":"2024-03-19T15:35:21.112Z"}
info: Server started at http://localhost:4000/api/v1/ {"timestamp":"2024-03-19T17:42:47.171Z"}
info: Connected to the database. {"timestamp":"2024-03-19T17:43:14.878Z"}
info: Server started at http://localhost:4000/api/v1/ {"timestamp":"2024-03-19T17:58:52.384Z"}
info: Connected to the database. {"timestamp":"2024-03-19T17:58:56.836Z"}
info: Server started at http://localhost:4000/api/v1/ {"timestamp":"2024-03-19T17:59:05.423Z"}
info: Connected to the database. {"timestamp":"2024-03-19T17:59:10.954Z"}
info: Server started at http://localhost:4000/api/v1/ {"timestamp":"2024-03-19T18:09:26.906Z"}
info: Connected to the database. {"timestamp":"2024-03-19T18:09:33.412Z"}
info: Server started at http://localhost:4000/api/v1/ {"timestamp":"2024-03-19T18:38:43.383Z"}
info: Connected to the database. {"timestamp":"2024-03-19T18:38:53.179Z"}
info: Server started at http://localhost:4000/api/v1/ {"timestamp":"2024-03-19T18:57:30.850Z"}
info: Connected to the database. {"timestamp":"2024-03-19T18:57:51.374Z"}
info: Server started at http://localhost:4000/api/v1/ {"timestamp":"2024-03-19T19:07:48.379Z"}
info: Connected to the database. {"timestamp":"2024-03-19T19:07:58.931Z"}
info: Server started at http://localhost:4000/api/v1/ {"timestamp":"2024-03-19T19:11:46.466Z"}
info: Connected to the database. {"timestamp":"2024-03-19T19:11:54.564Z"}
info: Server started at http://localhost:4000/api/v1/ {"timestamp":"2024-03-19T19:22:40.723Z"}
error: 
    status - 500 
    message - MongooseError: Operation `users.findOne()` buffering timed out after 10000ms
    at Timeout.<anonymous> (C:\Users\Administrator\Documents\my works\software development works\catura\catura-backend\node_modules\mongoose\lib\drivers\node-mongodb-native\collection.js:198:23)
    at listOnTimeout (node:internal/timers:569:17)
    at processTimers (node:internal/timers:512:7) 
    url - /api/v1/auth/signup 
    method - POST 
    IP - ::1
   {"timestamp":"2024-03-19T19:23:47.413Z"}
error: Could not connect to the database. querySrv ETIMEOUT _mongodb._tcp.demo.aoloa.mongodb.net {"code":"ETIMEOUT","hostname":"_mongodb._tcp.demo.aoloa.mongodb.net","stack":"Error: querySrv ETIMEOUT _mongodb._tcp.demo.aoloa.mongodb.net\n    at QueryReqWrap.onresolve [as oncomplete] (node:internal/dns/callback_resolver:47:19)","syscall":"querySrv","timestamp":"2024-03-19T19:23:57.117Z"}
error: 
    status - 500 
    message - MongooseError: Operation `users.findOne()` buffering timed out after 10000ms
    at Timeout.<anonymous> (C:\Users\Administrator\Documents\my works\software development works\catura\catura-backend\node_modules\mongoose\lib\drivers\node-mongodb-native\collection.js:198:23)
    at listOnTimeout (node:internal/timers:569:17)
    at processTimers (node:internal/timers:512:7) 
    url - /api/v1/auth/signup 
    method - POST 
    IP - ::1
   {"timestamp":"2024-03-19T19:26:51.641Z"}
error: 
    status - 500 
    message - MongooseError: Operation `users.findOne()` buffering timed out after 10000ms
    at Timeout.<anonymous> (C:\Users\Administrator\Documents\my works\software development works\catura\catura-backend\node_modules\mongoose\lib\drivers\node-mongodb-native\collection.js:198:23)
    at listOnTimeout (node:internal/timers:569:17)
    at processTimers (node:internal/timers:512:7) 
    url - /api/v1/auth/signup 
    method - POST 
    IP - ::1
   {"timestamp":"2024-03-19T19:27:06.827Z"}
error: 
    status - 500 
    message - MongooseError: Operation `users.findOne()` buffering timed out after 10000ms
    at Timeout.<anonymous> (C:\Users\Administrator\Documents\my works\software development works\catura\catura-backend\node_modules\mongoose\lib\drivers\node-mongodb-native\collection.js:198:23)
    at listOnTimeout (node:internal/timers:569:17)
    at processTimers (node:internal/timers:512:7) 
    url - /api/v1/auth/signup 
    method - POST 
    IP - ::1
   {"timestamp":"2024-03-19T19:27:28.003Z"}
info: Server started at http://localhost:4000/api/v1/ {"timestamp":"2024-03-19T19:27:48.413Z"}
info: Connected to the database. {"timestamp":"2024-03-19T19:27:58.530Z"}
info: Server started at http://localhost:4000/api/v1/ {"timestamp":"2024-03-19T19:29:35.762Z"}
info: Connected to the database. {"timestamp":"2024-03-19T19:29:48.994Z"}
error: 
    status - 500 
    message - ValidationError: "role" is not allowed 
    url - /api/v1/auth/signup 
    method - POST 
    IP - ::1
   {"timestamp":"2024-03-19T20:16:57.238Z"}
info: Server started at http://localhost:4000/api/v1/ {"timestamp":"2024-03-19T20:19:26.292Z"}
info: Connected to the database. {"timestamp":"2024-03-19T20:19:39.430Z"}
error: 
    status - 500 
    message - ValidationError: "role" must be a boolean 
    url - /api/v1/auth/signup 
    method - POST 
    IP - ::1
   {"timestamp":"2024-03-19T20:19:59.912Z"}
info: Server started at http://localhost:4000/api/v1/ {"timestamp":"2024-03-19T20:20:45.711Z"}
info: Connected to the database. {"timestamp":"2024-03-19T20:21:05.904Z"}
error: 
    status - 500 
    message - ValidationError: "email" must be a valid email 
    url - /api/v1/auth/signup 
    method - POST 
    IP - ::1
   {"timestamp":"2024-03-19T20:22:51.956Z"}
error: 
    status - 500 
    message - ValidationError: User validation failed: role: `business` is not a valid enum value for path `role`.
    at model.Document.invalidate (C:\Users\Administrator\Documents\my works\software development works\catura\catura-backend\node_modules\mongoose\lib\document.js:2788:32)
    at C:\Users\Administrator\Documents\my works\software development works\catura\catura-backend\node_modules\mongoose\lib\document.js:2580:17
    at C:\Users\Administrator\Documents\my works\software development works\catura\catura-backend\node_modules\mongoose\lib\schematype.js:1273:9
    at processTicksAndRejections (node:internal/process/task_queues:77:11) 
    url - /api/v1/auth/signup 
    method - POST 
    IP - ::1
   {"timestamp":"2024-03-19T20:23:02.798Z"}
info: Server started at http://localhost:4000/api/v1/ {"timestamp":"2024-03-19T20:24:30.472Z"}
error: Could not connect to the database. querySrv ETIMEOUT _mongodb._tcp.demo.aoloa.mongodb.net {"code":"ETIMEOUT","hostname":"_mongodb._tcp.demo.aoloa.mongodb.net","stack":"Error: querySrv ETIMEOUT _mongodb._tcp.demo.aoloa.mongodb.net\n    at QueryReqWrap.onresolve [as oncomplete] (node:internal/dns/callback_resolver:47:19)","syscall":"querySrv","timestamp":"2024-03-19T20:25:46.893Z"}
info: Server started at http://localhost:4000/api/v1/ {"timestamp":"2024-03-19T20:29:07.930Z"}
info: Connected to the database. {"timestamp":"2024-03-19T20:29:43.909Z"}
info: Server started at http://localhost:4000/api/v1/ {"timestamp":"2024-03-19T20:34:33.284Z"}
info: Connected to the database. {"timestamp":"2024-03-19T20:34:50.667Z"}
info: Server started at http://localhost:4000/api/v1/ {"timestamp":"2024-03-19T20:47:37.687Z"}
error: Could not connect to the database. querySrv ECONNREFUSED _mongodb._tcp.demo.aoloa.mongodb.net {"code":"ECONNREFUSED","hostname":"_mongodb._tcp.demo.aoloa.mongodb.net","stack":"Error: querySrv ECONNREFUSED _mongodb._tcp.demo.aoloa.mongodb.net\n    at QueryReqWrap.onresolve [as oncomplete] (node:internal/dns/callback_resolver:47:19)","syscall":"querySrv","timestamp":"2024-03-19T20:47:37.849Z"}
info: Server started at http://localhost:4000/api/v1/ {"timestamp":"2024-03-19T20:48:46.736Z"}
error: Could not connect to the database. queryTxt ETIMEOUT demo.aoloa.mongodb.net {"code":"ETIMEOUT","hostname":"demo.aoloa.mongodb.net","stack":"Error: queryTxt ETIMEOUT demo.aoloa.mongodb.net\n    at QueryReqWrap.onresolve [as oncomplete] (node:internal/dns/callback_resolver:47:19)","syscall":"queryTxt","timestamp":"2024-03-19T20:50:18.394Z"}
info: Server started at http://localhost:4000/api/v1/ {"timestamp":"2024-03-19T20:50:31.039Z"}
error: Could not connect to the database. queryTxt ETIMEOUT demo.aoloa.mongodb.net {"code":"ETIMEOUT","hostname":"demo.aoloa.mongodb.net","stack":"Error: queryTxt ETIMEOUT demo.aoloa.mongodb.net\n    at QueryReqWrap.onresolve [as oncomplete] (node:internal/dns/callback_resolver:47:19)","syscall":"queryTxt","timestamp":"2024-03-19T20:51:47.452Z"}
info: Server started at http://localhost:4000/api/v1/ {"timestamp":"2024-03-19T20:52:17.757Z"}
info: Connected to the database. {"timestamp":"2024-03-19T20:52:41.048Z"}
error: 
    status - 500 
    message - Error: secretOrPrivateKey must have a value
    at module.exports (C:\Users\Administrator\Documents\my works\software development works\catura\catura-backend\node_modules\jsonwebtoken\sign.js:107:20)
    at UserUtils.<anonymous> (C:\Users\Administrator\Documents\my works\software development works\catura\catura-backend\src\utils\user.util.ts:28:29)
    at Generator.next (<anonymous>)
    at C:\Users\Administrator\Documents\my works\software development works\catura\catura-backend\src\utils\user.util.ts:8:71
    at new Promise (<anonymous>)
    at __awaiter (C:\Users\Administrator\Documents\my works\software development works\catura\catura-backend\src\utils\user.util.ts:4:12)
    at UserUtils.signToken (C:\Users\Administrator\Documents\my works\software development works\catura\catura-backend\src\utils\user.util.ts:27:25)
    at UserController.<anonymous> (C:\Users\Administrator\Documents\my works\software development works\catura\catura-backend\src\controllers\user.controller.ts:168:41)
    at Generator.next (<anonymous>)
    at fulfilled (C:\Users\Administrator\Documents\my works\software development works\catura\catura-backend\src\controllers\user.controller.ts:5:58) 
    url - /api/v1/auth/login 
    method - POST 
    IP - ::1
   {"timestamp":"2024-03-19T20:55:13.612Z"}
info: Server started at http://localhost:4000/api/v1/ {"timestamp":"2024-03-19T20:56:09.749Z"}
info: Connected to the database. {"timestamp":"2024-03-19T20:56:32.567Z"}
